{"D:\\DIYANA\\bootcamp-dibimbing.id\\FWD-dibimbing-Batch-7\\assignment-day-39\\server\\helpers.js": {"path":"D:\\DIYANA\\bootcamp-dibimbing.id\\FWD-dibimbing-Batch-7\\assignment-day-39\\server\\helpers.js","statementMap":{"0":{"start":{"line":2,"column":15},"end":{"line":2,"column":28}},"1":{"start":{"line":3,"column":4},"end":{"line":5,"column":5}},"2":{"start":{"line":4,"column":8},"end":{"line":4,"column":39}},"3":{"start":{"line":6,"column":4},"end":{"line":6,"column":56}},"4":{"start":{"line":10,"column":15},"end":{"line":10,"column":36}},"5":{"start":{"line":11,"column":4},"end":{"line":13,"column":5}},"6":{"start":{"line":12,"column":8},"end":{"line":12,"column":39}},"7":{"start":{"line":14,"column":4},"end":{"line":14,"column":64}},"8":{"start":{"line":18,"column":4},"end":{"line":20,"column":6}},"9":{"start":{"line":19,"column":8},"end":{"line":19,"column":37}},"10":{"start":{"line":23,"column":0},"end":{"line":23,"column":64}}},"fnMap":{"0":{"name":"getIdParam","decl":{"start":{"line":1,"column":9},"end":{"line":1,"column":19}},"loc":{"start":{"line":1,"column":25},"end":{"line":7,"column":1}},"line":1},"1":{"name":"getMerchantIdParam","decl":{"start":{"line":9,"column":9},"end":{"line":9,"column":27}},"loc":{"start":{"line":9,"column":33},"end":{"line":15,"column":1}},"line":9},"2":{"name":"checkError","decl":{"start":{"line":17,"column":9},"end":{"line":17,"column":19}},"loc":{"start":{"line":17,"column":29},"end":{"line":21,"column":1}},"line":17},"3":{"name":"(anonymous_3)","decl":{"start":{"line":18,"column":11},"end":{"line":18,"column":12}},"loc":{"start":{"line":18,"column":37},"end":{"line":20,"column":5}},"line":18}},"branchMap":{"0":{"loc":{"start":{"line":3,"column":4},"end":{"line":5,"column":5}},"type":"if","locations":[{"start":{"line":3,"column":4},"end":{"line":5,"column":5}},{"start":{},"end":{}}],"line":3},"1":{"loc":{"start":{"line":11,"column":4},"end":{"line":13,"column":5}},"type":"if","locations":[{"start":{"line":11,"column":4},"end":{"line":13,"column":5}},{"start":{},"end":{}}],"line":11}},"s":{"0":2,"1":2,"2":2,"3":0,"4":0,"5":0,"6":0,"7":0,"8":0,"9":0,"10":1},"f":{"0":2,"1":0,"2":0,"3":0},"b":{"0":[2,0],"1":[0,0]},"_coverageSchema":"1a1c01bbd47fc00a2c39e90264f33305004495a9","hash":"8651bcfaecfebe8b70fff3734d2c5c445e0d4ac9"}
,"D:\\DIYANA\\bootcamp-dibimbing.id\\FWD-dibimbing-Batch-7\\assignment-day-39\\server\\handlers\\math.js": {"path":"D:\\DIYANA\\bootcamp-dibimbing.id\\FWD-dibimbing-Batch-7\\assignment-day-39\\server\\handlers\\math.js","statementMap":{"0":{"start":{"line":1,"column":18},"end":{"line":1,"column":60}},"1":{"start":{"line":3,"column":21},"end":{"line":19,"column":1}},"2":{"start":{"line":4,"column":16},"end":{"line":4,"column":24}},"3":{"start":{"line":5,"column":2},"end":{"line":18,"column":3}},"4":{"start":{"line":6,"column":19},"end":{"line":6,"column":50}},"5":{"start":{"line":7,"column":4},"end":{"line":10,"column":7}},"6":{"start":{"line":12,"column":4},"end":{"line":15,"column":7}},"7":{"start":{"line":17,"column":4},"end":{"line":17,"column":14}},"8":{"start":{"line":21,"column":12},"end":{"line":37,"column":1}},"9":{"start":{"line":22,"column":19},"end":{"line":22,"column":27}},"10":{"start":{"line":23,"column":2},"end":{"line":36,"column":3}},"11":{"start":{"line":24,"column":19},"end":{"line":24,"column":44}},"12":{"start":{"line":25,"column":4},"end":{"line":28,"column":7}},"13":{"start":{"line":30,"column":4},"end":{"line":33,"column":7}},"14":{"start":{"line":35,"column":4},"end":{"line":35,"column":14}},"15":{"start":{"line":39,"column":16},"end":{"line":46,"column":1}},"16":{"start":{"line":40,"column":17},"end":{"line":40,"column":42}},"17":{"start":{"line":41,"column":2},"end":{"line":44,"column":5}},"18":{"start":{"line":45,"column":2},"end":{"line":45,"column":12}},"19":{"start":{"line":48,"column":20},"end":{"line":55,"column":1}},"20":{"start":{"line":49,"column":17},"end":{"line":49,"column":46}},"21":{"start":{"line":50,"column":2},"end":{"line":53,"column":5}},"22":{"start":{"line":54,"column":2},"end":{"line":54,"column":12}},"23":{"start":{"line":57,"column":18},"end":{"line":64,"column":1}},"24":{"start":{"line":58,"column":17},"end":{"line":58,"column":47}},"25":{"start":{"line":59,"column":2},"end":{"line":62,"column":5}},"26":{"start":{"line":63,"column":2},"end":{"line":63,"column":12}},"27":{"start":{"line":66,"column":19},"end":{"line":73,"column":1}},"28":{"start":{"line":67,"column":17},"end":{"line":67,"column":48}},"29":{"start":{"line":68,"column":2},"end":{"line":71,"column":5}},"30":{"start":{"line":72,"column":2},"end":{"line":72,"column":12}},"31":{"start":{"line":75,"column":0},"end":{"line":82,"column":2}}},"fnMap":{"0":{"name":"(anonymous_0)","decl":{"start":{"line":3,"column":21},"end":{"line":3,"column":22}},"loc":{"start":{"line":3,"column":41},"end":{"line":19,"column":1}},"line":3},"1":{"name":"(anonymous_1)","decl":{"start":{"line":21,"column":12},"end":{"line":21,"column":13}},"loc":{"start":{"line":21,"column":32},"end":{"line":37,"column":1}},"line":21},"2":{"name":"(anonymous_2)","decl":{"start":{"line":39,"column":16},"end":{"line":39,"column":17}},"loc":{"start":{"line":39,"column":36},"end":{"line":46,"column":1}},"line":39},"3":{"name":"(anonymous_3)","decl":{"start":{"line":48,"column":20},"end":{"line":48,"column":21}},"loc":{"start":{"line":48,"column":40},"end":{"line":55,"column":1}},"line":48},"4":{"name":"(anonymous_4)","decl":{"start":{"line":57,"column":18},"end":{"line":57,"column":19}},"loc":{"start":{"line":57,"column":38},"end":{"line":64,"column":1}},"line":57},"5":{"name":"(anonymous_5)","decl":{"start":{"line":66,"column":19},"end":{"line":66,"column":20}},"loc":{"start":{"line":66,"column":39},"end":{"line":73,"column":1}},"line":66}},"branchMap":{},"s":{"0":9,"1":9,"2":4,"3":4,"4":4,"5":3,"6":1,"7":4,"8":9,"9":2,"10":2,"11":2,"12":2,"13":0,"14":2,"15":9,"16":2,"17":2,"18":2,"19":9,"20":2,"21":2,"22":2,"23":9,"24":2,"25":2,"26":2,"27":9,"28":2,"29":2,"30":2,"31":9},"f":{"0":4,"1":2,"2":2,"3":2,"4":2,"5":2},"b":{},"_coverageSchema":"1a1c01bbd47fc00a2c39e90264f33305004495a9","hash":"c1a455ea2e04ef2dd2ac90ab72589478bff36304"}
,"D:\\DIYANA\\bootcamp-dibimbing.id\\FWD-dibimbing-Batch-7\\assignment-day-39\\server\\handlers\\merchants.js": {"path":"D:\\DIYANA\\bootcamp-dibimbing.id\\FWD-dibimbing-Batch-7\\assignment-day-39\\server\\handlers\\merchants.js","statementMap":{"0":{"start":{"line":1,"column":19},"end":{"line":1,"column":43}},"1":{"start":{"line":2,"column":23},"end":{"line":2,"column":44}},"2":{"start":{"line":3,"column":15},"end":{"line":3,"column":32}},"3":{"start":{"line":6,"column":22},"end":{"line":8,"column":6}},"4":{"start":{"line":9,"column":4},"end":{"line":9,"column":36}},"5":{"start":{"line":13,"column":15},"end":{"line":13,"column":30}},"6":{"start":{"line":14,"column":21},"end":{"line":19,"column":6}},"7":{"start":{"line":20,"column":4},"end":{"line":24,"column":5}},"8":{"start":{"line":21,"column":8},"end":{"line":21,"column":39}},"9":{"start":{"line":23,"column":8},"end":{"line":23,"column":48}},"10":{"start":{"line":28,"column":54},"end":{"line":28,"column":62}},"11":{"start":{"line":29,"column":17},"end":{"line":29,"column":39}},"12":{"start":{"line":30,"column":27},"end":{"line":30,"column":60}},"13":{"start":{"line":31,"column":4},"end":{"line":44,"column":5}},"14":{"start":{"line":32,"column":8},"end":{"line":32,"column":122}},"15":{"start":{"line":34,"column":8},"end":{"line":40,"column":11}},"16":{"start":{"line":41,"column":8},"end":{"line":43,"column":11}},"17":{"start":{"line":49,"column":15},"end":{"line":49,"column":30}},"18":{"start":{"line":50,"column":4},"end":{"line":54,"column":7}},"19":{"start":{"line":55,"column":4},"end":{"line":55,"column":47}},"20":{"start":{"line":58,"column":0},"end":{"line":63,"column":2}}},"fnMap":{"0":{"name":"getAll","decl":{"start":{"line":5,"column":15},"end":{"line":5,"column":21}},"loc":{"start":{"line":5,"column":32},"end":{"line":10,"column":1}},"line":5},"1":{"name":"getById","decl":{"start":{"line":12,"column":15},"end":{"line":12,"column":22}},"loc":{"start":{"line":12,"column":33},"end":{"line":25,"column":1}},"line":12},"2":{"name":"create","decl":{"start":{"line":27,"column":15},"end":{"line":27,"column":21}},"loc":{"start":{"line":27,"column":32},"end":{"line":45,"column":1}},"line":27},"3":{"name":"remove","decl":{"start":{"line":48,"column":15},"end":{"line":48,"column":21}},"loc":{"start":{"line":48,"column":32},"end":{"line":56,"column":1}},"line":48}},"branchMap":{"0":{"loc":{"start":{"line":20,"column":4},"end":{"line":24,"column":5}},"type":"if","locations":[{"start":{"line":20,"column":4},"end":{"line":24,"column":5}},{"start":{"line":22,"column":11},"end":{"line":24,"column":5}}],"line":20},"1":{"loc":{"start":{"line":31,"column":4},"end":{"line":44,"column":5}},"type":"if","locations":[{"start":{"line":31,"column":4},"end":{"line":44,"column":5}},{"start":{"line":33,"column":11},"end":{"line":44,"column":5}}],"line":31}},"s":{"0":1,"1":1,"2":1,"3":0,"4":0,"5":2,"6":2,"7":2,"8":1,"9":1,"10":2,"11":2,"12":2,"13":2,"14":1,"15":1,"16":1,"17":0,"18":0,"19":0,"20":1},"f":{"0":0,"1":2,"2":2,"3":0},"b":{"0":[1,1],"1":[1,1]},"_coverageSchema":"1a1c01bbd47fc00a2c39e90264f33305004495a9","hash":"eb06b5dfe5dd4e1f16576b6a1b6760ec2dad0fb4"}
,"D:\\DIYANA\\bootcamp-dibimbing.id\\FWD-dibimbing-Batch-7\\assignment-day-39\\storage\\models\\math.model.js": {"path":"D:\\DIYANA\\bootcamp-dibimbing.id\\FWD-dibimbing-Batch-7\\assignment-day-39\\storage\\models\\math.model.js","statementMap":{"0":{"start":{"line":2,"column":2},"end":{"line":4,"column":3}},"1":{"start":{"line":3,"column":4},"end":{"line":3,"column":42}},"2":{"start":{"line":5,"column":2},"end":{"line":5,"column":40}},"3":{"start":{"line":9,"column":2},"end":{"line":9,"column":15}},"4":{"start":{"line":13,"column":2},"end":{"line":13,"column":11}},"5":{"start":{"line":17,"column":2},"end":{"line":17,"column":34}},"6":{"start":{"line":21,"column":15},"end":{"line":21,"column":31}},"7":{"start":{"line":22,"column":2},"end":{"line":22,"column":37}},"8":{"start":{"line":26,"column":2},"end":{"line":26,"column":29}},"9":{"start":{"line":30,"column":14},"end":{"line":30,"column":30}},"10":{"start":{"line":31,"column":2},"end":{"line":31,"column":32}},"11":{"start":{"line":35,"column":14},"end":{"line":35,"column":24}},"12":{"start":{"line":36,"column":2},"end":{"line":36,"column":29}},"13":{"start":{"line":39,"column":0},"end":{"line":48,"column":2}}},"fnMap":{"0":{"name":"checkOddEven","decl":{"start":{"line":1,"column":9},"end":{"line":1,"column":21}},"loc":{"start":{"line":1,"column":27},"end":{"line":6,"column":1}},"line":1},"1":{"name":"sum","decl":{"start":{"line":8,"column":9},"end":{"line":8,"column":12}},"loc":{"start":{"line":8,"column":19},"end":{"line":10,"column":1}},"line":8},"2":{"name":"getZero","decl":{"start":{"line":12,"column":9},"end":{"line":12,"column":16}},"loc":{"start":{"line":12,"column":19},"end":{"line":14,"column":1}},"line":12},"3":{"name":"getCurrentYear","decl":{"start":{"line":16,"column":9},"end":{"line":16,"column":23}},"loc":{"start":{"line":16,"column":26},"end":{"line":18,"column":1}},"line":16},"4":{"name":"is21Century","decl":{"start":{"line":20,"column":9},"end":{"line":20,"column":20}},"loc":{"start":{"line":20,"column":23},"end":{"line":23,"column":1}},"line":20},"5":{"name":"getCurrentDays","decl":{"start":{"line":25,"column":9},"end":{"line":25,"column":23}},"loc":{"start":{"line":25,"column":26},"end":{"line":27,"column":1}},"line":25},"6":{"name":"checkWeekend","decl":{"start":{"line":29,"column":9},"end":{"line":29,"column":21}},"loc":{"start":{"line":29,"column":24},"end":{"line":32,"column":1}},"line":29},"7":{"name":"checkLeapYear","decl":{"start":{"line":34,"column":9},"end":{"line":34,"column":22}},"loc":{"start":{"line":34,"column":25},"end":{"line":37,"column":1}},"line":34}},"branchMap":{"0":{"loc":{"start":{"line":2,"column":2},"end":{"line":4,"column":3}},"type":"if","locations":[{"start":{"line":2,"column":2},"end":{"line":4,"column":3}},{"start":{},"end":{}}],"line":2},"1":{"loc":{"start":{"line":5,"column":9},"end":{"line":5,"column":39}},"type":"cond-expr","locations":[{"start":{"line":5,"column":25},"end":{"line":5,"column":31}},{"start":{"line":5,"column":34},"end":{"line":5,"column":39}}],"line":5},"2":{"loc":{"start":{"line":22,"column":9},"end":{"line":22,"column":36}},"type":"binary-expr","locations":[{"start":{"line":22,"column":9},"end":{"line":22,"column":21}},{"start":{"line":22,"column":25},"end":{"line":22,"column":36}}],"line":22},"3":{"loc":{"start":{"line":31,"column":9},"end":{"line":31,"column":31}},"type":"binary-expr","locations":[{"start":{"line":31,"column":9},"end":{"line":31,"column":18}},{"start":{"line":31,"column":22},"end":{"line":31,"column":31}}],"line":31}},"s":{"0":3,"1":1,"2":2,"3":1,"4":1,"5":2,"6":2,"7":2,"8":2,"9":2,"10":2,"11":2,"12":2,"13":6},"f":{"0":3,"1":1,"2":1,"3":2,"4":2,"5":2,"6":2,"7":2},"b":{"0":[1,2],"1":[1,1],"2":[2,2],"3":[2,2]},"_coverageSchema":"1a1c01bbd47fc00a2c39e90264f33305004495a9","hash":"f301457106d001d7a5ad56255a0841bd3e06d0fe"}
}
