TN:
SF:server\helpers.js
FN:1,getIdParam
FN:9,getMerchantIdParam
FN:17,checkError
FN:18,(anonymous_3)
FNF:4
FNH:1
FNDA:2,getIdParam
FNDA:0,getMerchantIdParam
FNDA:0,checkError
FNDA:0,(anonymous_3)
DA:2,2
DA:3,2
DA:4,2
DA:6,0
DA:10,0
DA:11,0
DA:12,0
DA:14,0
DA:18,0
DA:19,0
DA:23,1
LF:11
LH:4
BRDA:3,0,0,2
BRDA:3,0,1,0
BRDA:11,1,0,0
BRDA:11,1,1,0
BRF:4
BRH:1
end_of_record
TN:
SF:server\handlers\math.js
FN:3,(anonymous_0)
FN:21,(anonymous_1)
FN:39,(anonymous_2)
FN:48,(anonymous_3)
FN:57,(anonymous_4)
FN:66,(anonymous_5)
FNF:6
FNH:6
FNDA:4,(anonymous_0)
FNDA:2,(anonymous_1)
FNDA:2,(anonymous_2)
FNDA:2,(anonymous_3)
FNDA:2,(anonymous_4)
FNDA:2,(anonymous_5)
DA:1,9
DA:3,9
DA:4,4
DA:5,4
DA:6,4
DA:7,3
DA:12,1
DA:17,4
DA:21,9
DA:22,2
DA:23,2
DA:24,2
DA:25,2
DA:30,0
DA:35,2
DA:39,9
DA:40,2
DA:41,2
DA:45,2
DA:48,9
DA:49,2
DA:50,2
DA:54,2
DA:57,9
DA:58,2
DA:59,2
DA:63,2
DA:66,9
DA:67,2
DA:68,2
DA:72,2
DA:75,9
LF:32
LH:31
BRF:0
BRH:0
end_of_record
TN:
SF:server\handlers\merchants.js
FN:5,getAll
FN:12,getById
FN:27,create
FN:48,remove
FNF:4
FNH:2
FNDA:0,getAll
FNDA:2,getById
FNDA:2,create
FNDA:0,remove
DA:1,1
DA:2,1
DA:3,1
DA:6,0
DA:9,0
DA:13,2
DA:14,2
DA:20,2
DA:21,1
DA:23,1
DA:28,2
DA:29,2
DA:30,2
DA:31,2
DA:32,1
DA:34,1
DA:41,1
DA:49,0
DA:50,0
DA:55,0
DA:58,1
LF:21
LH:16
BRDA:20,0,0,1
BRDA:20,0,1,1
BRDA:31,1,0,1
BRDA:31,1,1,1
BRF:4
BRH:4
end_of_record
TN:
SF:storage\models\math.model.js
FN:1,checkOddEven
FN:8,sum
FN:12,getZero
FN:16,getCurrentYear
FN:20,is21Century
FN:25,getCurrentDays
FN:29,checkWeekend
FN:34,checkLeapYear
FNF:8
FNH:8
FNDA:3,checkOddEven
FNDA:1,sum
FNDA:1,getZero
FNDA:2,getCurrentYear
FNDA:2,is21Century
FNDA:2,getCurrentDays
FNDA:2,checkWeekend
FNDA:2,checkLeapYear
DA:2,3
DA:3,1
DA:5,2
DA:9,1
DA:13,1
DA:17,2
DA:21,2
DA:22,2
DA:26,2
DA:30,2
DA:31,2
DA:35,2
DA:36,2
DA:39,6
LF:14
LH:14
BRDA:2,0,0,1
BRDA:2,0,1,2
BRDA:5,1,0,1
BRDA:5,1,1,1
BRDA:22,2,0,2
BRDA:22,2,1,2
BRDA:31,3,0,2
BRDA:31,3,1,2
BRF:8
BRH:8
end_of_record
